<?xml version="1.0" encoding="UTF-8"?>
<testng-results ignored="0" total="2" passed="2" failed="0" skipped="0">
  <reporter-output>
  </reporter-output>
  <suite started-at="2024-07-20T08:45:05 IST" name="Default suite" finished-at="2024-07-20T08:45:19 IST" duration-ms="13425">
    <groups>
    </groups>
    <test started-at="2024-07-20T08:45:05 IST" name="Default test" finished-at="2024-07-20T08:45:19 IST" duration-ms="13425">
      <class name="com.orangehrm.testcases.LoginPageTest">
        <test-method is-config="true" signature="setUp()[pri:0, instance:com.orangehrm.testcases.LoginPageTest@77888435]" started-at="2024-07-20T08:45:05 IST" name="setUp" finished-at="2024-07-20T08:45:11 IST" duration-ms="5521" status="PASS">
          <reporter-output>
          </reporter-output>
        </test-method> <!-- setUp -->
        <test-method signature="testInvalidLogin()[pri:0, instance:com.orangehrm.testcases.LoginPageTest@77888435]" started-at="2024-07-20T08:45:11 IST" name="testInvalidLogin" finished-at="2024-07-20T08:45:12 IST" duration-ms="1266" status="PASS">
          <reporter-output>
          </reporter-output>
        </test-method> <!-- testInvalidLogin -->
        <test-method is-config="true" signature="tearDown()[pri:0, instance:com.orangehrm.testcases.LoginPageTest@77888435]" started-at="2024-07-20T08:45:12 IST" name="tearDown" finished-at="2024-07-20T08:45:12 IST" duration-ms="161" status="PASS">
          <reporter-output>
          </reporter-output>
        </test-method> <!-- tearDown -->
        <test-method is-config="true" signature="setUp()[pri:0, instance:com.orangehrm.testcases.LoginPageTest@77888435]" started-at="2024-07-20T08:45:12 IST" name="setUp" finished-at="2024-07-20T08:45:17 IST" duration-ms="5121" status="PASS">
          <reporter-output>
          </reporter-output>
        </test-method> <!-- setUp -->
        <test-method signature="testSuccessfullLogin()[pri:0, instance:com.orangehrm.testcases.LoginPageTest@77888435]" started-at="2024-07-20T08:45:17 IST" name="testSuccessfullLogin" finished-at="2024-07-20T08:45:19 IST" duration-ms="1172" status="PASS">
          <reporter-output>
          </reporter-output>
        </test-method> <!-- testSuccessfullLogin -->
        <test-method is-config="true" signature="tearDown()[pri:0, instance:com.orangehrm.testcases.LoginPageTest@77888435]" started-at="2024-07-20T08:45:19 IST" name="tearDown" finished-at="2024-07-20T08:45:19 IST" duration-ms="135" status="PASS">
          <reporter-output>
          </reporter-output>
        </test-method> <!-- tearDown -->
      </class> <!-- com.orangehrm.testcases.LoginPageTest -->
    </test> <!-- Default test -->
  </suite> <!-- Default suite -->
</testng-results>
